<?xml version="1.0" encoding="UTF-8"?>
<testsuite name="pageObjectModel.Login_Test" tests="1" skipped="0" failures="0" errors="0" timestamp="2021-02-02T17:31:47" hostname="LAPTOP-NJAHBN1Q" time="48.57">
  <properties/>
  <testcase name="test" classname="pageObjectModel.Login_Test" time="48.57"/>
  <system-out><![CDATA[]]></system-out>
  <system-err><![CDATA[Starting OperaDriver 87.0.4280.67 (0e5d92df40086cf0050c00f87b11da1b14580930-refs/branch-heads/4280@{#1441}) on port 7368
Only local connections are allowed.
Please see https://chromedriver.chromium.org/security-considerations for suggestions on keeping OperaDriver safe.
OperaDriver was started successfully.
feb 02, 2021 12:31:53 PM org.openqa.selenium.remote.ProtocolHandshake createSession
INFORMACIÓN: Detected dialect: OSS
]]></system-err>
</testsuite>
