<?xml version="1.0" encoding="UTF-8"?>
<testsuite name="test3.GoogleSearch" tests="1" skipped="0" failures="0" errors="0" timestamp="2021-02-01T18:36:12" hostname="LAPTOP-NJAHBN1Q" time="22.461">
  <properties/>
  <testcase name="testGooglePage" classname="test3.GoogleSearch" time="22.461"/>
  <system-out><![CDATA[]]></system-out>
  <system-err><![CDATA[Starting OperaDriver 87.0.4280.67 (0e5d92df40086cf0050c00f87b11da1b14580930-refs/branch-heads/4280@{#1441}) on port 3144
Only local connections are allowed.
Please see https://chromedriver.chromium.org/security-considerations for suggestions on keeping OperaDriver safe.
OperaDriver was started successfully.
feb 01, 2021 1:36:22 PM org.openqa.selenium.remote.ProtocolHandshake createSession
INFORMACIÓN: Detected dialect: OSS
]]></system-err>
</testsuite>
