<?xml version="1.0" encoding="UTF-8"?>
<testsuite name="test5.DataDrivenTestingTest" tests="1" skipped="0" failures="0" errors="0" timestamp="2021-02-04T00:55:28" hostname="LAPTOP-NJAHBN1Q" time="23.766">
  <properties/>
  <testcase name="test" classname="test5.DataDrivenTestingTest" time="23.766"/>
  <system-out><![CDATA[Page result text7 results have been found.
dresses||
7 results have been found.||
blouse||
short||
First cell value is:dresses
nextcell value7 results have been found.
dresses||
7 results have been found.||
blouse||
short||
]]></system-out>
  <system-err><![CDATA[Starting OperaDriver 87.0.4280.67 (0e5d92df40086cf0050c00f87b11da1b14580930-refs/branch-heads/4280@{#1441}) on port 29739
Only local connections are allowed.
Please see https://chromedriver.chromium.org/security-considerations for suggestions on keeping OperaDriver safe.
OperaDriver was started successfully.
feb 03, 2021 7:55:35 PM org.openqa.selenium.remote.ProtocolHandshake createSession
INFORMACIÓN: Detected dialect: OSS
]]></system-err>
</testsuite>
